#
# A fatal error has been detected by the Java Runtime Environment:
#
#  EXCEPTION_STACK_OVERFLOW (0xc00000fd) at pc=0x0d0cb297, pid=14736, tid=12924
#
# JRE version: Java(TM) SE Runtime Environment (7.0_80-b15) (build 1.7.0_80-b15)
# Java VM: Java HotSpot(TM) Client VM (24.80-b11 mixed mode, sharing windows-x86 )
# Problematic frame:
# C  [fqqb32.dll+0x16b297]
#
# Failed to write core dump. Minidumps are not enabled by default on client versions of Windows
#
# If you would like to submit a bug report, please visit:
#   http://bugreport.java.com/bugreport/crash.jsp
# The crash happened outside the Java Virtual Machine in native code.
# See problematic frame for where to report the bug.
#

---------------  T H R E A D  ---------------

Current thread (0x04a4f400):  JavaThread "JavaFX Application Thread" [_thread_in_native, id=12924, stack(0x04f20000,0x04f70000)]

siginfo: ExceptionCode=0xc00000fd, ExceptionInformation=0x00000000 0x04f20000 

Registers:
EAX=0x04f20000, EBX=0x04f26d85, ECX=0x04f1aff8, EDX=0x04f26e05
ESP=0x04f26784, EBP=0x04f2ccfc, ESI=0x04f272f4, EDI=0x04f26c80
EIP=0x0d0cb297, EFLAGS=0x00010206

Top of Stack: (sp=0x04f26784)
0x04f26784:   00000000 0cfc8a59 00000000 04f2ea98
0x04f26794:   0d1bcca6 ffffffff 0d04134f 00000000
0x04f267a4:   1290d9a8 04f26c80 04f2ccfc 04f26d85
0x04f267b4:   04f26e05 04f26e85 04f26f05 004e0046
0x04f267c4:   00000032 04f26f87 04f26f89 04f26f8b
0x04f267d4:   04f26f8d 04f2700d 04f2708d 04f2710d
0x04f267e4:   04f2710f 00000078 00000000 04f27249
0x04f267f4:   04f2724b 04f2727e 04f272b1 00000000 

Instructions: (pc=0x0d0cb297)
0x0d0cb277:   1b c0 f7 d0 23 c8 8b c4 25 00 f0 ff ff 3b c8 72
0x0d0cb287:   0a 8b c1 59 94 8b 00 89 04 24 c3 2d 00 10 00 00
0x0d0cb297:   85 00 eb e9 cc cc cc cc cc 8b 54 24 0c 8b 4c 24
0x0d0cb2a7:   04 85 d2 74 69 33 c0 8a 44 24 08 84 c0 75 16 81 


Register to memory mapping:

EAX=0x04f20000 is an unknown value
EBX=0x04f26d85 is pointing into the stack for thread: 0x04a4f400
ECX=0x04f1aff8 is an unknown value
EDX=0x04f26e05 is pointing into the stack for thread: 0x04a4f400
ESP=0x04f26784 is pointing into the stack for thread: 0x04a4f400
EBP=0x04f2ccfc is pointing into the stack for thread: 0x04a4f400
ESI=0x04f272f4 is pointing into the stack for thread: 0x04a4f400
EDI=0x04f26c80 is pointing into the stack for thread: 0x04a4f400


Stack: [0x04f20000,0x04f70000],  sp=0x04f26784,  free space=25k
Native frames: (J=compiled Java code, j=interpreted, Vv=VM code, C=native code)
C  [fqqb32.dll+0x16b297]

Java frames: (J=compiled Java code, j=interpreted, Vv=VM code)
j  sun.jdbc.odbc.JdbcOdbc.driverConnect(J[B[B)V+0
j  sun.jdbc.odbc.JdbcOdbc.SQLDriverConnect(JLjava/lang/String;)V+93
j  sun.jdbc.odbc.JdbcOdbcConnection.initialize(Ljava/lang/String;Ljava/util/Properties;I)V+984
j  sun.jdbc.odbc.JdbcOdbcDriver.connect(Ljava/lang/String;Ljava/util/Properties;)Ljava/sql/Connection;+129
j  java.sql.DriverManager.getConnection(Ljava/lang/String;Ljava/util/Properties;Ljava/lang/Class;)Ljava/sql/Connection;+172
j  java.sql.DriverManager.getConnection(Ljava/lang/String;)Ljava/sql/Connection;+13
j  com.alltekusa.qbLink.Controller.Database.ConnectionManager.openConnection()Z+45
j  com.alltekusa.qbLink.Controller.Database.ConnectionManager.getConnection()Ljava/sql/Connection;+8
j  com.alltekusa.qbLink.Viewer.Console.GUI.MainControllerGUI.QBConnection()V+3
v  ~StubRoutines::call_stub
j  sun.reflect.NativeMethodAccessorImpl.invoke0(Ljava/lang/reflect/Method;Ljava/lang/Object;[Ljava/lang/Object;)Ljava/lang/Object;+0
j  sun.reflect.NativeMethodAccessorImpl.invoke(Ljava/lang/Object;[Ljava/lang/Object;)Ljava/lang/Object;+87
j  sun.reflect.DelegatingMethodAccessorImpl.invoke(Ljava/lang/Object;[Ljava/lang/Object;)Ljava/lang/Object;+6
j  java.lang.reflect.Method.invoke(Ljava/lang/Object;[Ljava/lang/Object;)Ljava/lang/Object;+57
j  sun.reflect.misc.Trampoline.invoke(Ljava/lang/reflect/Method;Ljava/lang/Object;[Ljava/lang/Object;)Ljava/lang/Object;+7
j  sun.reflect.GeneratedMethodAccessor1.invoke(Ljava/lang/Object;[Ljava/lang/Object;)Ljava/lang/Object;+40
j  sun.reflect.DelegatingMethodAccessorImpl.invoke(Ljava/lang/Object;[Ljava/lang/Object;)Ljava/lang/Object;+6
j  java.lang.reflect.Method.invoke(Ljava/lang/Object;[Ljava/lang/Object;)Ljava/lang/Object;+57
j  sun.reflect.misc.MethodUtil.invoke(Ljava/lang/reflect/Method;Ljava/lang/Object;[Ljava/lang/Object;)Ljava/lang/Object;+20
j  javafx.fxml.FXMLLoader$ControllerMethodEventHandler.handle(Ljavafx/event/Event;)V+42
j  com.sun.javafx.event.CompositeEventHandler.dispatchBubblingEvent(Ljavafx/event/Event;)V+62
J 738 C1 com.sun.javafx.event.EventHandlerManager.dispatchBubblingEvent(Ljavafx/event/Event;)Ljavafx/event/Event; (23 bytes) @ 0x027000e8 [0x02700030+0xb8]
j  com.sun.javafx.event.CompositeEventDispatcher.dispatchBubblingEvent(Ljavafx/event/Event;)Ljavafx/event/Event;+11
j  com.sun.javafx.event.BasicEventDispatcher.dispatchEvent(Ljavafx/event/Event;Ljavafx/event/EventDispatchChain;)Ljavafx/event/Event;+29
j  com.sun.javafx.event.EventDispatchChainImpl.dispatchEvent(Ljavafx/event/Event;)Ljavafx/event/Event;+69
j  com.sun.javafx.event.BasicEventDispatcher.dispatchEvent(Ljavafx/event/Event;Ljavafx/event/EventDispatchChain;)Ljavafx/event/Event;+17
j  com.sun.javafx.event.EventDispatchChainImpl.dispatchEvent(Ljavafx/event/Event;)Ljavafx/event/Event;+69
j  com.sun.javafx.event.BasicEventDispatcher.dispatchEvent(Ljavafx/event/Event;Ljavafx/event/EventDispatchChain;)Ljavafx/event/Event;+17
j  com.sun.javafx.event.EventDispatchChainImpl.dispatchEvent(Ljavafx/event/Event;)Ljavafx/event/Event;+69
j  com.sun.javafx.event.EventUtil.fireEventImpl(Ljavafx/event/EventDispatchChain;Ljavafx/event/EventTarget;Ljavafx/event/Event;)Ljavafx/event/Event;+10
j  com.sun.javafx.event.EventUtil.fireEvent(Ljavafx/event/EventTarget;Ljavafx/event/Event;)Ljavafx/event/Event;+37
j  javafx.event.Event.fireEvent(Ljavafx/event/EventTarget;Ljavafx/event/Event;)V+30
j  javafx.scene.Node.fireEvent(Ljavafx/event/Event;)V+86
j  javafx.scene.control.Button.fire()V+8
j  com.sun.javafx.scene.control.behavior.ButtonBehavior.mouseReleased(Ljavafx/scene/input/MouseEvent;)V+23
j  com.sun.javafx.scene.control.skin.SkinBase$4.handle(Ljavafx/scene/input/MouseEvent;)V+83
j  com.sun.javafx.scene.control.skin.SkinBase$4.handle(Ljavafx/event/Event;)V+5
j  com.sun.javafx.event.CompositeEventHandler.dispatchBubblingEvent(Ljavafx/event/Event;)V+42
J 738 C1 com.sun.javafx.event.EventHandlerManager.dispatchBubblingEvent(Ljavafx/event/Event;)Ljavafx/event/Event; (23 bytes) @ 0x027000e8 [0x02700030+0xb8]
j  com.sun.javafx.event.CompositeEventDispatcher.dispatchBubblingEvent(Ljavafx/event/Event;)Ljavafx/event/Event;+11
j  com.sun.javafx.event.BasicEventDispatcher.dispatchEvent(Ljavafx/event/Event;Ljavafx/event/EventDispatchChain;)Ljavafx/event/Event;+29
j  com.sun.javafx.event.EventDispatchChainImpl.dispatchEvent(Ljavafx/event/Event;)Ljavafx/event/Event;+69
j  com.sun.javafx.event.BasicEventDispatcher.dispatchEvent(Ljavafx/event/Event;Ljavafx/event/EventDispatchChain;)Ljavafx/event/Event;+17
j  com.sun.javafx.event.EventDispatchChainImpl.dispatchEvent(Ljavafx/event/Event;)Ljavafx/event/Event;+69
j  com.sun.javafx.event.BasicEventDispatcher.dispatchEvent(Ljavafx/event/Event;Ljavafx/event/EventDispatchChain;)Ljavafx/event/Event;+17
j  com.sun.javafx.event.EventDispatchChainImpl.dispatchEvent(Ljavafx/event/Event;)Ljavafx/event/Event;+69
j  com.sun.javafx.event.BasicEventDispatcher.dispatchEvent(Ljavafx/event/Event;Ljavafx/event/EventDispatchChain;)Ljavafx/event/Event;+17
j  com.sun.javafx.event.EventDispatchChainImpl.dispatchEvent(Ljavafx/event/Event;)Ljavafx/event/Event;+69
j  com.sun.javafx.event.EventUtil.fireEventImpl(Ljavafx/event/EventDispatchChain;Ljavafx/event/EventTarget;Ljavafx/event/Event;)Ljavafx/event/Event;+10
j  com.sun.javafx.event.EventUtil.fireEvent(Ljavafx/event/EventTarget;Ljavafx/event/Event;)Ljavafx/event/Event;+37
j  javafx.event.Event.fireEvent(Ljavafx/event/EventTarget;Ljavafx/event/Event;)V+30
j  javafx.scene.Scene$MouseHandler.process(Ljavafx/scene/input/MouseEvent;Z)V+405
j  javafx.scene.Scene$MouseHandler.process(Ljavafx/scene/input/MouseEvent;)V+3
j  javafx.scene.Scene$MouseHandler.access$1900(Ljavafx/scene/Scene$MouseHandler;Ljavafx/scene/input/MouseEvent;)V+2
j  javafx.scene.Scene.impl_processMouseEvent(Ljavafx/scene/input/MouseEvent;)V+16
j  javafx.scene.Scene$ScenePeerListener.mouseEvent(Ljava/lang/Object;)V+11
j  com.sun.javafx.tk.quantum.GlassViewEventHandler$MouseEventNotification.run()Ljava/lang/Void;+329
j  com.sun.javafx.tk.quantum.GlassViewEventHandler$MouseEventNotification.run()Ljava/lang/Object;+1
v  ~StubRoutines::call_stub
j  java.security.AccessController.doPrivileged(Ljava/security/PrivilegedAction;Ljava/security/AccessControlContext;)Ljava/lang/Object;+0
j  com.sun.javafx.tk.quantum.GlassViewEventHandler.handleMouseEvent(Lcom/sun/glass/ui/View;JIIIIIIIIZZ)V+117
j  com.sun.glass.ui.View.handleMouseEvent(JIIIIIIIIZZ)V+38
j  com.sun.glass.ui.View.notifyMouse(IIIIIIIZZ)V+184
v  ~StubRoutines::call_stub
j  sun.jdbc.odbc.JdbcOdbc.driverConnect(J[B[B)V+0
j  sun.jdbc.odbc.JdbcOdbc.SQLDriverConnect(JLjava/lang/String;)V+93
j  sun.jdbc.odbc.JdbcOdbcConnection.initialize(Ljava/lang/String;Ljava/util/Properties;I)V+984
j  sun.jdbc.odbc.JdbcOdbcDriver.connect(Ljava/lang/String;Ljava/util/Properties;)Ljava/sql/Connection;+129
j  java.sql.DriverManager.getConnection(Ljava/lang/String;Ljava/util/Properties;Ljava/lang/Class;)Ljava/sql/Connection;+172
j  java.sql.DriverManager.getConnection(Ljava/lang/String;)Ljava/sql/Connection;+13
j  com.alltekusa.qbLink.Controller.Database.ConnectionManager.openConnection()Z+45
j  com.alltekusa.qbLink.Controller.Database.ConnectionManager.getConnection()Ljava/sql/Connection;+8
j  com.alltekusa.qbLink.Viewer.Console.GUI.MainControllerGUI.QBConnection()V+3
v  ~StubRoutines::call_stub
j  sun.reflect.NativeMethodAccessorImpl.invoke0(Ljava/lang/reflect/Method;Ljava/lang/Object;[Ljava/lang/Object;)Ljava/lang/Object;+0
j  sun.reflect.NativeMethodAccessorImpl.invoke(Ljava/lang/Object;[Ljava/lang/Object;)Ljava/lang/Object;+87
j  sun.reflect.DelegatingMethodAccessorImpl.invoke(Ljava/lang/Object;[Ljava/lang/Object;)Ljava/lang/Object;+6
j  java.lang.reflect.Method.invoke(Ljava/lang/Object;[Ljava/lang/Object;)Ljava/lang/Object;+57
j  sun.reflect.misc.Trampoline.invoke(Ljava/lang/reflect/Method;Ljava/lang/Object;[Ljava/lang/Object;)Ljava/lang/Object;+7
j  sun.reflect.GeneratedMethodAccessor1.invoke(Ljava/lang/Object;[Ljava/lang/Object;)Ljava/lang/Object;+40
j  sun.reflect.DelegatingMethodAccessorImpl.invoke(Ljava/lang/Object;[Ljava/lang/Object;)Ljava/lang/Object;+6
j  java.lang.reflect.Method.invoke(Ljava/lang/Object;[Ljava/lang/Object;)Ljava/lang/Object;+57
j  sun.reflect.misc.MethodUtil.invoke(Ljava/lang/reflect/Method;Ljava/lang/Object;[Ljava/lang/Object;)Ljava/lang/Object;+20
j  javafx.fxml.FXMLLoader$ControllerMethodEventHandler.handle(Ljavafx/event/Event;)V+42
j  com.sun.javafx.event.CompositeEventHandler.dispatchBubblingEvent(Ljavafx/event/Event;)V+62
j  com.sun.javafx.event.EventHandlerManager.dispatchBubblingEvent(Ljavafx/event/EventType;Ljavafx/event/Event;)Ljavafx/event/Event;+29
j  com.sun.javafx.event.EventHandlerManager.dispatchBubblingEvent(Ljavafx/event/Event;)Ljavafx/event/Event;+8
j  com.sun.javafx.event.CompositeEventDispatcher.dispatchBubblingEvent(Ljavafx/event/Event;)Ljavafx/event/Event;+11
j  com.sun.javafx.event.BasicEventDispatcher.dispatchEvent(Ljavafx/event/Event;Ljavafx/event/EventDispatchChain;)Ljavafx/event/Event;+29
j  com.sun.javafx.event.EventDispatchChainImpl.dispatchEvent(Ljavafx/event/Event;)Ljavafx/event/Event;+69
j  com.sun.javafx.event.BasicEventDispatcher.dispatchEvent(Ljavafx/event/Event;Ljavafx/event/EventDispatchChain;)Ljavafx/event/Event;+17
j  com.sun.javafx.event.EventDispatchChainImpl.dispatchEvent(Ljavafx/event/Event;)Ljavafx/event/Event;+69
j  com.sun.javafx.event.BasicEventDispatcher.dispatchEvent(Ljavafx/event/Event;Ljavafx/event/EventDispatchChain;)Ljavafx/event/Event;+17
j  com.sun.javafx.event.EventDispatchChainImpl.dispatchEvent(Ljavafx/event/Event;)Ljavafx/event/Event;+69
j  com.sun.javafx.event.EventUtil.fireEventImpl(Ljavafx/event/EventDispatchChain;Ljavafx/event/EventTarget;Ljavafx/event/Event;)Ljavafx/event/Event;+10
j  com.sun.javafx.event.EventUtil.fireEvent(Ljavafx/event/EventTarget;Ljavafx/event/Event;)Ljavafx/event/Event;+37
j  javafx.event.Event.fireEvent(Ljavafx/event/EventTarget;Ljavafx/event/Event;)V+30
j  javafx.scene.Node.fireEvent(Ljavafx/event/Event;)V+86
j  javafx.scene.control.Button.fire()V+8
j  com.sun.javafx.scene.control.behavior.ButtonBehavior.mouseReleased(Ljavafx/scene/input/MouseEvent;)V+23
j  com.sun.javafx.scene.control.skin.SkinBase$4.handle(Ljavafx/scene/input/MouseEvent;)V+83
j  com.sun.javafx.scene.control.skin.SkinBase$4.handle(Ljavafx/event/Event;)V+5
j  com.sun.javafx.event.CompositeEventHandler.dispatchBubblingEvent(Ljavafx/event/Event;)V+42
j  com.sun.javafx.event.EventHandlerManager.dispatchBubblingEvent(Ljavafx/event/EventType;Ljavafx/event/Event;)Ljavafx/event/Event;+29
j  com.sun.javafx.event.EventHandlerManager.dispatchBubblingEvent(Ljavafx/event/Event;)Ljavafx/event/Event;+8
j  com.sun.javafx.event.CompositeEventDispatcher.dispatchBubblingEvent(Ljavafx/event/Event;)Ljavafx/event/Event;+11
j  com.sun.javafx.event.BasicEventDispatcher.dispatchEvent(Ljavafx/event/Event;Ljavafx/event/EventDispatchChain;)Ljavafx/event/Event;+29
j  com.sun.javafx.event.EventDispatchChainImpl.dispatchEvent(Ljavafx/event/Event;)Ljavafx/event/Event;+69
j  com.sun.javafx.event.BasicEventDispatcher.dispatchEvent(Ljavafx/event/Event;Ljavafx/event/EventDispatchChain;)Ljavafx/event/Event;+17
j  com.sun.javafx.event.EventDispatchChainImpl.dispatchEvent(Ljavafx/event/Event;)Ljavafx/event/Event;+69
j  com.sun.javafx.event.BasicEventDispatcher.dispatchEvent(Ljavafx/event/Event;Ljavafx/event/EventDispatchChain;)Ljavafx/event/Event;+17
j  com.sun.javafx.event.EventDispatchChainImpl.dispatchEvent(Ljavafx/event/Event;)Ljavafx/event/Event;+69
j  com.sun.javafx.event.BasicEventDispatcher.dispatchEvent(Ljavafx/event/Event;Ljavafx/event/EventDispatchChain;)Ljavafx/event/Event;+17
j  com.sun.javafx.event.EventDispatchChainImpl.dispatchEvent(Ljavafx/event/Event;)Ljavafx/event/Event;+69
j  com.sun.javafx.event.EventUtil.fireEventImpl(Ljavafx/event/EventDispatchChain;Ljavafx/event/EventTarget;Ljavafx/event/Event;)Ljavafx/event/Event;+10
j  com.sun.javafx.event.EventUtil.fireEvent(Ljavafx/event/EventTarget;Ljavafx/event/Event;)Ljavafx/event/Event;+37
j  javafx.event.Event.fireEvent(Ljavafx/event/EventTarget;Ljavafx/event/Event;)V+30
j  javafx.scene.Scene$MouseHandler.process(Ljavafx/scene/input/MouseEvent;Z)V+405
j  javafx.scene.Scene$MouseHandler.process(Ljavafx/scene/input/MouseEvent;)V+3
j  javafx.scene.Scene$MouseHandler.access$1900(Ljavafx/scene/Scene$MouseHandler;Ljavafx/scene/input/MouseEvent;)V+2
j  javafx.scene.Scene.impl_processMouseEvent(Ljavafx/scene/input/MouseEvent;)V+16
j  javafx.scene.Scene$ScenePeerListener.mouseEvent(Ljava/lang/Object;)V+11
j  com.sun.javafx.tk.quantum.GlassViewEventHandler$MouseEventNotification.run()Ljava/lang/Void;+329
j  com.sun.javafx.tk.quantum.GlassViewEventHandler$MouseEventNotification.run()Ljava/lang/Object;+1
v  ~StubRoutines::call_stub
j  java.security.AccessController.doPrivileged(Ljava/security/PrivilegedAction;Ljava/security/AccessControlContext;)Ljava/lang/Object;+0
j  com.sun.javafx.tk.quantum.GlassViewEventHandler.handleMouseEvent(Lcom/sun/glass/ui/View;JIIIIIIIIZZ)V+117
j  com.sun.glass.ui.View.handleMouseEvent(JIIIIIIIIZZ)V+38
j  com.sun.glass.ui.View.notifyMouse(IIIIIIIZZ)V+184
v  ~StubRoutines::call_stub
j  sun.jdbc.odbc.JdbcOdbc.driverConnect(J[B[B)V+0
j  sun.jdbc.odbc.JdbcOdbc.SQLDriverConnect(JLjava/lang/String;)V+93
j  sun.jdbc.odbc.JdbcOdbcConnection.initialize(Ljava/lang/String;Ljava/util/Properties;I)V+984
j  sun.jdbc.odbc.JdbcOdbcDriver.connect(Ljava/lang/String;Ljava/util/Properties;)Ljava/sql/Connection;+129
j  java.sql.DriverManager.getConnection(Ljava/lang/String;Ljava/util/Properties;Ljava/lang/Class;)Ljava/sql/Connection;+172
j  java.sql.DriverManager.getConnection(Ljava/lang/String;)Ljava/sql/Connection;+13
j  com.alltekusa.qbLink.Controller.Database.ConnectionManager.openConnection()Z+45
j  com.alltekusa.qbLink.Controller.Database.ConnectionManager.getConnection()Ljava/sql/Connection;+8
j  com.alltekusa.qbLink.Viewer.Console.GUI.MainControllerGUI.QBConnection()V+3
v  ~StubRoutines::call_stub
j  sun.reflect.NativeMethodAccessorImpl.invoke0(Ljava/lang/reflect/Method;Ljava/lang/Object;[Ljava/lang/Object;)Ljava/lang/Object;+0
j  sun.reflect.NativeMethodAccessorImpl.invoke(Ljava/lang/Object;[Ljava/lang/Object;)Ljava/lang/Object;+87
j  sun.reflect.DelegatingMethodAccessorImpl.invoke(Ljava/lang/Object;[Ljava/lang/Object;)Ljava/lang/Object;+6
j  java.lang.reflect.Method.invoke(Ljava/lang/Object;[Ljava/lang/Object;)Ljava/lang/Object;+57
j  sun.reflect.misc.Trampoline.invoke(Ljava/lang/reflect/Method;Ljava/lang/Object;[Ljava/lang/Object;)Ljava/lang/Object;+7
j  sun.reflect.GeneratedMethodAccessor1.invoke(Ljava/lang/Object;[Ljava/lang/Object;)Ljava/lang/Object;+40
j  sun.reflect.DelegatingMethodAccessorImpl.invoke(Ljava/lang/Object;[Ljava/lang/Object;)Ljava/lang/Object;+6
j  java.lang.reflect.Method.invoke(Ljava/lang/Object;[Ljava/lang/Object;)Ljava/lang/Object;+57
j  sun.reflect.misc.MethodUtil.invoke(Ljava/lang/reflect/Method;Ljava/lang/Object;[Ljava/lang/Object;)Ljava/lang/Object;+20
j  javafx.fxml.FXMLLoader$ControllerMethodEventHandler.handle(Ljavafx/event/Event;)V+42
j  com.sun.javafx.event.CompositeEventHandler.dispatchBubblingEvent(Ljavafx/event/Event;)V+62
j  com.sun.javafx.event.EventHandlerManager.dispatchBubblingEvent(Ljavafx/event/EventType;Ljavafx/event/Event;)Ljavafx/event/Event;+29
j  com.sun.javafx.event.EventHandlerManager.dispatchBubblingEvent(Ljavafx/event/Event;)Ljavafx/event/Event;+8
j  com.sun.javafx.event.CompositeEventDispatcher.dispatchBubblingEvent(Ljavafx/event/Event;)Ljavafx/event/Event;+11
j  com.sun.javafx.event.BasicEventDispatcher.dispatchEvent(Ljavafx/event/Event;Ljavafx/event/EventDispatchChain;)Ljavafx/event/Event;+29
j  com.sun.javafx.event.EventDispatchChainImpl.dispatchEvent(Ljavafx/event/Event;)Ljavafx/event/Event;+69
j  com.sun.javafx.event.BasicEventDispatcher.dispatchEvent(Ljavafx/event/Event;Ljavafx/event/EventDispatchChain;)Ljavafx/event/Event;+17
j  com.sun.javafx.event.EventDispatchChainImpl.dispatchEvent(Ljavafx/event/Event;)Ljavafx/event/Event;+69
j  com.sun.javafx.event.BasicEventDispatcher.dispatchEvent(Ljavafx/event/Event;Ljavafx/event/EventDispatchChain;)Ljavafx/event/Event;+17
j  com.sun.javafx.event.EventDispatchChainImpl.dispatchEvent(Ljavafx/event/Event;)Ljavafx/event/Event;+69
j  com.sun.javafx.event.EventUtil.fireEventImpl(Ljavafx/event/EventDispatchChain;Ljavafx/event/EventTarget;Ljavafx/event/Event;)Ljavafx/event/Event;+10
j  com.sun.javafx.event.EventUtil.fireEvent(Ljavafx/event/EventTarget;Ljavafx/event/Event;)Ljavafx/event/Event;+37
j  javafx.event.Event.fireEvent(Ljavafx/event/EventTarget;Ljavafx/event/Event;)V+30
j  javafx.scene.Node.fireEvent(Ljavafx/event/Event;)V+86
j  javafx.scene.control.Button.fire()V+8
j  com.sun.javafx.scene.control.behavior.ButtonBehavior.mouseReleased(Ljavafx/scene/input/MouseEvent;)V+23
j  com.sun.javafx.scene.control.skin.SkinBase$4.handle(Ljavafx/scene/input/MouseEvent;)V+83
j  com.sun.javafx.scene.control.skin.SkinBase$4.handle(Ljavafx/event/Event;)V+5
j  com.sun.javafx.event.CompositeEventHandler.dispatchBubblingEvent(Ljavafx/event/Event;)V+42
j  com.sun.javafx.event.EventHandlerManager.dispatchBubblingEvent(Ljavafx/event/EventType;Ljavafx/event/Event;)Ljavafx/event/Event;+29
j  com.sun.javafx.event.EventHandlerManager.dispatchBubblingEvent(Ljavafx/event/Event;)Ljavafx/event/Event;+8
j  com.sun.javafx.event.CompositeEventDispatcher.dispatchBubblingEvent(Ljavafx/event/Event;)Ljavafx/event/Event;+11
j  com.sun.javafx.event.BasicEventDispatcher.dispatchEvent(Ljavafx/event/Event;Ljavafx/event/EventDispatchChain;)Ljavafx/event/Event;+29
j  com.sun.javafx.event.EventDispatchChainImpl.dispatchEvent(Ljavafx/event/Event;)Ljavafx/event/Event;+69
j  com.sun.javafx.event.BasicEventDispatcher.dispatchEvent(Ljavafx/event/Event;Ljavafx/event/EventDispatchChain;)Ljavafx/event/Event;+17
j  com.sun.javafx.event.EventDispatchChainImpl.dispatchEvent(Ljavafx/event/Event;)Ljavafx/event/Event;+69
j  com.sun.javafx.event.BasicEventDispatcher.dispatchEvent(Ljavafx/event/Event;Ljavafx/event/EventDispatchChain;)Ljavafx/event/Event;+17
j  com.sun.javafx.event.EventDispatchChainImpl.dispatchEvent(Ljavafx/event/Event;)Ljavafx/event/Event;+69
j  com.sun.javafx.event.BasicEventDispatcher.dispatchEvent(Ljavafx/event/Event;Ljavafx/event/EventDispatchChain;)Ljavafx/event/Event;+17
j  com.sun.javafx.event.EventDispatchChainImpl.dispatchEvent(Ljavafx/event/Event;)Ljavafx/event/Event;+69
j  com.sun.javafx.event.EventUtil.fireEventImpl(Ljavafx/event/EventDispatchChain;Ljavafx/event/EventTarget;Ljavafx/event/Event;)Ljavafx/event/Event;+10
j  com.sun.javafx.event.EventUtil.fireEvent(Ljavafx/event/EventTarget;Ljavafx/event/Event;)Ljavafx/event/Event;+37
j  javafx.event.Event.fireEvent(Ljavafx/event/EventTarget;Ljavafx/event/Event;)V+30
j  javafx.scene.Scene$MouseHandler.process(Ljavafx/scene/input/MouseEvent;Z)V+405
j  javafx.scene.Scene$MouseHandler.process(Ljavafx/scene/input/MouseEvent;)V+3
j  javafx.scene.Scene$MouseHandler.access$1900(Ljavafx/scene/Scene$MouseHandler;Ljavafx/scene/input/MouseEvent;)V+2
j  javafx.scene.Scene.impl_processMouseEvent(Ljavafx/scene/input/MouseEvent;)V+16
j  javafx.scene.Scene$ScenePeerListener.mouseEvent(Ljava/lang/Object;)V+11
j  com.sun.javafx.tk.quantum.GlassViewEventHandler$MouseEventNotification.run()Ljava/lang/Void;+329
j  com.sun.javafx.tk.quantum.GlassViewEventHandler$MouseEventNotification.run()Ljava/lang/Object;+1
v  ~StubRoutines::call_stub
j  java.security.AccessController.doPrivileged(Ljava/security/PrivilegedAction;Ljava/security/AccessControlContext;)Ljava/lang/Object;+0
j  com.sun.javafx.tk.quantum.GlassViewEventHandler.handleMouseEvent(Lcom/sun/glass/ui/View;JIIIIIIIIZZ)V+117
j  com.sun.glass.ui.View.handleMouseEvent(JIIIIIIIIZZ)V+38
j  com.sun.glass.ui.View.notifyMouse(IIIIIIIZZ)V+184
v  ~StubRoutines::call_stub
j  sun.jdbc.odbc.JdbcOdbc.driverConnect(J[B[B)V+0
j  sun.jdbc.odbc.JdbcOdbc.SQLDriverConnect(JLjava/lang/String;)V+93
j  sun.jdbc.odbc.JdbcOdbcConnection.initialize(Ljava/lang/String;Ljava/util/Properties;I)V+984
j  sun.jdbc.odbc.JdbcOdbcDriver.connect(Ljava/lang/String;Ljava/util/Properties;)Ljava/sql/Connection;+129
j  java.sql.DriverManager.getConnection(Ljava/lang/String;Ljava/util/Properties;Ljava/lang/Class;)Ljava/sql/Connection;+172
j  java.sql.DriverManager.getConnection(Ljava/lang/String;)Ljava/sql/Connection;+13
j  com.alltekusa.qbLink.Controller.Database.ConnectionManager.openConnection()Z+45
j  com.alltekusa.qbLink.Controller.Database.ConnectionManager.getConnection()Ljava/sql/Connection;+8
j  com.alltekusa.qbLink.Viewer.Console.GUI.MainControllerGUI.QBConnection()V+3
v  ~StubRoutines::call_stub
j  sun.reflect.NativeMethodAccessorImpl.invoke0(Ljava/lang/reflect/Method;Ljava/lang/Object;[Ljava/lang/Object;)Ljava/lang/Object;+0
j  sun.reflect.NativeMethodAccessorImpl.invoke(Ljava/lang/Object;[Ljava/lang/Object;)Ljava/lang/Object;+87
j  sun.reflect.DelegatingMethodAccessorImpl.invoke(Ljava/lang/Object;[Ljava/lang/Object;)Ljava/lang/Object;+6
j  java.lang.reflect.Method.invoke(Ljava/lang/Object;[Ljava/lang/Object;)Ljava/lang/Object;+57
j  sun.reflect.misc.Trampoline.invoke(Ljava/lang/reflect/Method;Ljava/lang/Object;[Ljava/lang/Object;)Ljava/lang/Object;+7
j  sun.reflect.GeneratedMethodAccessor1.invoke(Ljava/lang/Object;[Ljava/lang/Object;)Ljava/lang/Object;+40
j  sun.reflect.DelegatingMethodAccessorImpl.invoke(Ljava/lang/Object;[Ljava/lang/Object;)Ljava/lang/Object;+6
j  java.lang.reflect.Method.invoke(Ljava/lang/Object;[Ljava/lang/Object;)Ljava/lang/Object;+57
j  sun.reflect.misc.MethodUtil.invoke(Ljava/lang/reflect/Method;Ljava/lang/Object;[Ljava/lang/Object;)Ljava/lang/Object;+20
j  javafx.fxml.FXMLLoader$ControllerMethodEventHandler.handle(Ljavafx/event/Event;)V+42
j  com.sun.javafx.event.CompositeEventHandler.dispatchBubblingEvent(Ljavafx/event/Event;)V+62
j  com.sun.javafx.event.EventHandlerManager.dispatchBubblingEvent(Ljavafx/event/EventType;Ljavafx/event/Event;)Ljavafx/event/Event;+29
j  com.sun.javafx.event.EventHandlerManager.dispatchBubblingEvent(Ljavafx/event/Event;)Ljavafx/event/Event;+8
j  com.sun.javafx.event.CompositeEventDispatcher.dispatchBubblingEvent(Ljavafx/event/Event;)Ljavafx/event/Event;+11
j  com.sun.javafx.event.BasicEventDispatcher.dispatchEvent(Ljavafx/event/Event;Ljavafx/event/EventDispatchChain;)Ljavafx/event/Event;+29
j  com.sun.javafx.event.EventDispatchChainImpl.dispatchEvent(Ljavafx/event/Event;)Ljavafx/event/Event;+69
j  com.sun.javafx.event.BasicEventDispatcher.dispatchEvent(Ljavafx/event/Event;Ljavafx/event/EventDispatchChain;)Ljavafx/event/Event;+17
j  com.sun.javafx.event.EventDispatchChainImpl.dispatchEvent(Ljavafx/event/Event;)Ljavafx/event/Event;+69
j  com.sun.javafx.event.BasicEventDispatcher.dispatchEvent(Ljavafx/event/Event;Ljavafx/event/EventDispatchChain;)Ljavafx/event/Event;+17
j  com.sun.javafx.event.EventDispatchChainImpl.dispatchEvent(Ljavafx/event/Event;)Ljavafx/event/Event;+69
j  com.sun.javafx.event.EventUtil.fireEventImpl(Ljavafx/event/EventDispatchChain;Ljavafx/event/EventTarget;Ljavafx/event/Event;)Ljavafx/event/Event;+10
j  com.sun.javafx.event.EventUtil.fireEvent(Ljavafx/event/EventTarget;Ljavafx/event/Event;)Ljavafx/event/Event;+37
j  javafx.event.Event.fireEvent(Ljavafx/event/EventTarget;Ljavafx/event/Event;)V+30
j  javafx.scene.Node.fireEvent(Ljavafx/event/Event;)V+86
j  javafx.scene.control.Button.fire()V+8
j  com.sun.javafx.scene.control.behavior.ButtonBehavior.mouseReleased(Ljavafx/scene/input/MouseEvent;)V+23
j  com.sun.javafx.scene.control.skin.SkinBase$4.handle(Ljavafx/scene/input/MouseEvent;)V+83
j  com.sun.javafx.scene.control.skin.SkinBase$4.handle(Ljavafx/event/Event;)V+5
j  com.sun.javafx.event.CompositeEventHandler.dispatchBubblingEvent(Ljavafx/event/Event;)V+42
j  com.sun.javafx.event.EventHandlerManager.dispatchBubblingEvent(Ljavafx/event/EventType;Ljavafx/event/Event;)Ljavafx/event/Event;+29
j  com.sun.javafx.event.EventHandlerManager.dispatchBubblingEvent(Ljavafx/event/Event;)Ljavafx/event/Event;+8
j  com.sun.javafx.event.CompositeEventDispatcher.dispatchBubblingEvent(Ljavafx/event/Event;)Ljavafx/event/Event;+11
j  com.sun.javafx.event.BasicEventDispatcher.dispatchEvent(Ljavafx/event/Event;Ljavafx/event/EventDispatchChain;)Ljavafx/event/Event;+29
j  com.sun.javafx.event.EventDispatchChainImpl.dispatchEvent(Ljavafx/event/Event;)Ljavafx/event/Event;+69
j  com.sun.javafx.event.BasicEventDispatcher.dispatchEvent(Ljavafx/event/Event;Ljavafx/event/EventDispatchChain;)Ljavafx/event/Event;+17
j  com.sun.javafx.event.EventDispatchChainImpl.dispatchEvent(Ljavafx/event/Event;)Ljavafx/event/Event;+69
j  com.sun.javafx.event.BasicEventDispatcher.dispatchEvent(Ljavafx/event/Event;Ljavafx/event/EventDispatchChain;)Ljavafx/event/Event;+17
j  com.sun.javafx.event.EventDispatchChainImpl.dispatchEvent(Ljavafx/event/Event;)Ljavafx/event/Event;+69
j  com.sun.javafx.event.BasicEventDispatcher.dispatchEvent(Ljavafx/event/Event;Ljavafx/event/EventDispatchChain;)Ljavafx/event/Event;+17
j  com.sun.javafx.event.EventDispatchChainImpl.dispatchEvent(Ljavafx/event/Event;)Ljavafx/event/Event;+69
j  com.sun.javafx.event.EventUtil.fireEventImpl(Ljavafx/event/EventDispatchChain;Ljavafx/event/EventTarget;Ljavafx/event/Event;)Ljavafx/event/Event;+10
j  com.sun.javafx.event.EventUtil.fireEvent(Ljavafx/event/EventTarget;Ljavafx/event/Event;)Ljavafx/event/Event;+46
j  javafx.event.Event.fireEvent(Ljavafx/event/EventTarget;Ljavafx/event/Event;)V+30
j  javafx.scene.Scene$MouseHandler.process(Ljavafx/scene/input/MouseEvent;Z)V+405
j  javafx.scene.Scene$MouseHandler.process(Ljavafx/scene/input/MouseEvent;)V+3
j  javafx.scene.Scene$MouseHandler.access$1900(Ljavafx/scene/Scene$MouseHandler;Ljavafx/scene/input/MouseEvent;)V+2
j  javafx.scene.Scene.impl_processMouseEvent(Ljavafx/scene/input/MouseEvent;)V+16
j  javafx.scene.Scene$ScenePeerListener.mouseEvent(Ljava/lang/Object;)V+11
j  com.sun.javafx.tk.quantum.GlassViewEventHandler$MouseEventNotification.run()Ljava/lang/Void;+329
j  com.sun.javafx.tk.quantum.GlassViewEventHandler$MouseEventNotification.run()Ljava/lang/Object;+1
v  ~StubRoutines::call_stub
j  java.security.AccessController.doPrivileged(Ljava/security/PrivilegedAction;Ljava/security/AccessControlContext;)Ljava/lang/Object;+0
j  com.sun.javafx.tk.quantum.GlassViewEventHandler.handleMouseEvent(Lcom/sun/glass/ui/View;JIIIIIIIIZZ)V+117
j  com.sun.glass.ui.View.handleMouseEvent(JIIIIIIIIZZ)V+38
j  com.sun.glass.ui.View.notifyMouse(IIIIIIIZZ)V+184
v  ~StubRoutines::call_stub
j  com.sun.glass.ui.win.WinApplication._runLoop([Ljava/lang/String;Lcom/sun/glass/ui/Launchable;)V+0
j  com.sun.glass.ui.win.WinApplication.access$100(Lcom/sun/glass/ui/win/WinApplication;[Ljava/lang/String;Lcom/sun/glass/ui/Launchable;)V+3
j  com.sun.glass.ui.win.WinApplication$3$1.run()V+32
j  java.lang.Thread.run()V+11
v  ~StubRoutines::call_stub

---------------  P R O C E S S  ---------------

Java Threads: ( => current thread )
  0x06825c00 JavaThread "Prism Font Disposer" daemon [_thread_blocked, id=5116, stack(0x07230000,0x07280000)]
  0x04a7fc00 JavaThread "Thread-3" daemon [_thread_in_native, id=6148, stack(0x06710000,0x06760000)]
=>0x04a4f400 JavaThread "JavaFX Application Thread" [_thread_in_native, id=12924, stack(0x04f20000,0x04f70000)]
  0x04a1b800 JavaThread "Thread-2" daemon [_thread_blocked, id=13224, stack(0x04e90000,0x04ee0000)]
  0x04a3b800 JavaThread "Disposer" daemon [_thread_blocked, id=14096, stack(0x04d20000,0x04d70000)]
  0x04a0f800 JavaThread "QuantumRenderer-0" daemon [_thread_blocked, id=5688, stack(0x04c60000,0x04cb0000)]
  0x0499a400 JavaThread "JavaFX-Launcher" [_thread_blocked, id=4816, stack(0x04bd0000,0x04c20000)]
  0x00b6ac00 JavaThread "Service Thread" daemon [_thread_blocked, id=14404, stack(0x048b0000,0x04900000)]
  0x00b56c00 JavaThread "C1 CompilerThread0" daemon [_thread_blocked, id=8320, stack(0x04820000,0x04870000)]
  0x00b54c00 JavaThread "Attach Listener" daemon [_thread_blocked, id=12140, stack(0x04790000,0x047e0000)]
  0x00b7dc00 JavaThread "Signal Dispatcher" daemon [_thread_blocked, id=14436, stack(0x04700000,0x04750000)]
  0x00ae4400 JavaThread "Finalizer" daemon [_thread_blocked, id=14504, stack(0x04650000,0x046a0000)]
  0x00adf400 JavaThread "Reference Handler" daemon [_thread_blocked, id=1476, stack(0x045c0000,0x04610000)]
  0x021cc000 JavaThread "main" [_thread_blocked, id=5788, stack(0x00550000,0x005a0000)]

Other Threads:
  0x00add800 VMThread [stack: 0x04530000,0x04580000] [id=14556]
  0x00b87000 WatcherThread [stack: 0x04940000,0x04990000] [id=6064]

VM state:not at safepoint (normal execution)

VM Mutex/Monitor currently owned by a thread: None

Heap
 def new generation   total 4928K, used 1548K [0x24600000, 0x24b50000, 0x29b50000)
  eden space 4416K,  23% used [0x24600000, 0x247067e0, 0x24a50000)
  from space 512K,  97% used [0x24a50000, 0x24accb80, 0x24ad0000)
  to   space 512K,   0% used [0x24ad0000, 0x24ad0000, 0x24b50000)
 tenured generation   total 10944K, used 5912K [0x29b50000, 0x2a600000, 0x34600000)
   the space 10944K,  54% used [0x29b50000, 0x2a1163f8, 0x2a116400, 0x2a600000)
 compacting perm gen  total 12288K, used 8509K [0x34600000, 0x35200000, 0x38600000)
   the space 12288K,  69% used [0x34600000, 0x34e4f500, 0x34e4f600, 0x35200000)
    ro space 10240K,  42% used [0x38600000, 0x38a37108, 0x38a37200, 0x39000000)
    rw space 12288K,  52% used [0x39000000, 0x39641738, 0x39641800, 0x39c00000)

Card table byte_map: [0x020b0000,0x02160000] byte_map_base: 0x01f8d000

Polling page: 0x00510000

Code Cache  [0x02530000, 0x02708000, 0x04530000)
 total_blobs=1107 nmethods=740 adapters=304 free_code_cache=30897Kb largest_free_block=31639040

Compilation events (10 events):
Event: 13.825 Thread 0x00b56c00  741             java.util.EnumMap$EnumMapIterator::hasNext (64 bytes)
Event: 13.826 Thread 0x00b56c00 nmethod 741 0x02701048 code [0x02701150, 0x02701230]
Event: 14.179 Thread 0x00b56c00  742             javafx.scene.Node::parentToLocal (15 bytes)
Event: 14.180 Thread 0x00b56c00 nmethod 742 0x02701348 code [0x02701480, 0x027015fc]
Event: 14.180 Thread 0x00b56c00  743             com.sun.javafx.geom.transform.Affine3D::inverseTransform (27 bytes)
Event: 14.180 Thread 0x00b56c00 nmethod 743 0x027017c8 code [0x027018f0, 0x02701a40]
Event: 14.180 Thread 0x00b56c00  744             com.sun.javafx.geom.transform.AffineBase::inverseTransform (367 bytes)
Event: 14.181 Thread 0x00b56c00 nmethod 744 0x02701b88 code [0x02701d40, 0x02702490]
Event: 14.271 Thread 0x00b56c00  745             com.sun.javafx.css.StyleHelper::getCacheEntry (319 bytes)
Event: 14.272 Thread 0x00b56c00 nmethod 745 0x02702b08 code [0x02702ce0, 0x027031e4]

GC Heap History (10 events):
Event: 1.518 GC heap before
{Heap before GC invocations=5 (full 0):
 def new generation   total 4928K, used 4928K [0x24600000, 0x24b50000, 0x29b50000)
  eden space 4416K, 100% used [0x24600000, 0x24a50000, 0x24a50000)
  from space 512K, 100% used [0x24ad0000, 0x24b50000, 0x24b50000)
  to   space 512K,   0% used [0x24a50000, 0x24a50000, 0x24ad0000)
 tenured generation   total 10944K, used 2835K [0x29b50000, 0x2a600000, 0x34600000)
   the space 10944K,  25% used [0x29b50000, 0x29e14f20, 0x29e15000, 0x2a600000)
 compacting perm gen  total 12288K, used 5272K [0x34600000, 0x35200000, 0x38600000)
   the space 12288K,  42% used [0x34600000, 0x34b260c8, 0x34b26200, 0x35200000)
    ro space 10240K,  42% used [0x38600000, 0x38a37108, 0x38a37200, 0x39000000)
    rw space 12288K,  52% used [0x39000000, 0x39641738, 0x39641800, 0x39c00000)
Event: 1.525 GC heap after
Heap after GC invocations=6 (full 0):
 def new generation   total 4928K, used 512K [0x24600000, 0x24b50000, 0x29b50000)
  eden space 4416K,   0% used [0x24600000, 0x24600000, 0x24a50000)
  from space 512K, 100% used [0x24a50000, 0x24ad0000, 0x24ad0000)
  to   space 512K,   0% used [0x24ad0000, 0x24ad0000, 0x24b50000)
 tenured generation   total 10944K, used 3587K [0x29b50000, 0x2a600000, 0x34600000)
   the space 10944K,  32% used [0x29b50000, 0x29ed0e28, 0x29ed1000, 0x2a600000)
 compacting perm gen  total 12288K, used 5272K [0x34600000, 0x35200000, 0x38600000)
   the space 12288K,  42% used [0x34600000, 0x34b260c8, 0x34b26200, 0x35200000)
    ro space 10240K,  42% used [0x38600000, 0x38a37108, 0x38a37200, 0x39000000)
    rw space 12288K,  52% used [0x39000000, 0x39641738, 0x39641800, 0x39c00000)
}
Event: 1.773 GC heap before
{Heap before GC invocations=6 (full 0):
 def new generation   total 4928K, used 4928K [0x24600000, 0x24b50000, 0x29b50000)
  eden space 4416K, 100% used [0x24600000, 0x24a50000, 0x24a50000)
  from space 512K, 100% used [0x24a50000, 0x24ad0000, 0x24ad0000)
  to   space 512K,   0% used [0x24ad0000, 0x24ad0000, 0x24b50000)
 tenured generation   total 10944K, used 3587K [0x29b50000, 0x2a600000, 0x34600000)
   the space 10944K,  32% used [0x29b50000, 0x29ed0e28, 0x29ed1000, 0x2a600000)
 compacting perm gen  total 12288K, used 5869K [0x34600000, 0x35200000, 0x38600000)
   the space 12288K,  47% used [0x34600000, 0x34bbb720, 0x34bbb800, 0x35200000)
    ro space 10240K,  42% used [0x38600000, 0x38a37108, 0x38a37200, 0x39000000)
    rw space 12288K,  52% used [0x39000000, 0x39641738, 0x39641800, 0x39c00000)
Event: 1.778 GC heap after
Heap after GC invocations=7 (full 0):
 def new generation   total 4928K, used 512K [0x24600000, 0x24b50000, 0x29b50000)
  eden space 4416K,   0% used [0x24600000, 0x24600000, 0x24a50000)
  from space 512K, 100% used [0x24ad0000, 0x24b50000, 0x24b50000)
  to   space 512K,   0% used [0x24a50000, 0x24a50000, 0x24ad0000)
 tenured generation   total 10944K, used 4826K [0x29b50000, 0x2a600000, 0x34600000)
   the space 10944K,  44% used [0x29b50000, 0x2a006a58, 0x2a006c00, 0x2a600000)
 compacting perm gen  total 12288K, used 5869K [0x34600000, 0x35200000, 0x38600000)
   the space 12288K,  47% used [0x34600000, 0x34bbb720, 0x34bbb800, 0x35200000)
    ro space 10240K,  42% used [0x38600000, 0x38a37108, 0x38a37200, 0x39000000)
    rw space 12288K,  52% used [0x39000000, 0x39641738, 0x39641800, 0x39c00000)
}
Event: 2.061 GC heap before
{Heap before GC invocations=7 (full 0):
 def new generation   total 4928K, used 4928K [0x24600000, 0x24b50000, 0x29b50000)
  eden space 4416K, 100% used [0x24600000, 0x24a50000, 0x24a50000)
  from space 512K, 100% used [0x24ad0000, 0x24b50000, 0x24b50000)
  to   space 512K,   0% used [0x24a50000, 0x24a50000, 0x24ad0000)
 tenured generation   total 10944K, used 4826K [0x29b50000, 0x2a600000, 0x34600000)
   the space 10944K,  44% used [0x29b50000, 0x2a006a58, 0x2a006c00, 0x2a600000)
 compacting perm gen  total 12288K, used 6828K [0x34600000, 0x35200000, 0x38600000)
   the space 12288K,  55% used [0x34600000, 0x34cab150, 0x34cab200, 0x35200000)
    ro space 10240K,  42% used [0x38600000, 0x38a37108, 0x38a37200, 0x39000000)
    rw space 12288K,  52% used [0x39000000, 0x39641738, 0x39641800, 0x39c00000)
Event: 2.067 GC heap after
Heap after GC invocations=8 (full 0):
 def new generation   total 4928K, used 216K [0x24600000, 0x24b50000, 0x29b50000)
  eden space 4416K,   0% used [0x24600000, 0x24600000, 0x24a50000)
  from space 512K,  42% used [0x24a50000, 0x24a860d8, 0x24ad0000)
  to   space 512K,   0% used [0x24ad0000, 0x24ad0000, 0x24b50000)
 tenured generation   total 10944K, used 5329K [0x29b50000, 0x2a600000, 0x34600000)
   the space 10944K,  48% used [0x29b50000, 0x2a084700, 0x2a084800, 0x2a600000)
 compacting perm gen  total 12288K, used 6828K [0x34600000, 0x35200000, 0x38600000)
   the space 12288K,  55% used [0x34600000, 0x34cab150, 0x34cab200, 0x35200000)
    ro space 10240K,  42% used [0x38600000, 0x38a37108, 0x38a37200, 0x39000000)
    rw space 12288K,  52% used [0x39000000, 0x39641738, 0x39641800, 0x39c00000)
}
Event: 2.307 GC heap before
{Heap before GC invocations=8 (full 0):
 def new generation   total 4928K, used 4632K [0x24600000, 0x24b50000, 0x29b50000)
  eden space 4416K, 100% used [0x24600000, 0x24a50000, 0x24a50000)
  from space 512K,  42% used [0x24a50000, 0x24a860d8, 0x24ad0000)
  to   space 512K,   0% used [0x24ad0000, 0x24ad0000, 0x24b50000)
 tenured generation   total 10944K, used 5329K [0x29b50000, 0x2a600000, 0x34600000)
   the space 10944K,  48% used [0x29b50000, 0x2a084700, 0x2a084800, 0x2a600000)
 compacting perm gen  total 12288K, used 7681K [0x34600000, 0x35200000, 0x38600000)
   the space 12288K,  62% used [0x34600000, 0x34d804b8, 0x34d80600, 0x35200000)
    ro space 10240K,  42% used [0x38600000, 0x38a37108, 0x38a37200, 0x39000000)
    rw space 12288K,  52% used [0x39000000, 0x39641738, 0x39641800, 0x39c00000)
Event: 2.313 GC heap after
Heap after GC invocations=9 (full 0):
 def new generation   total 4928K, used 511K [0x24600000, 0x24b50000, 0x29b50000)
  eden space 4416K,   0% used [0x24600000, 0x24600000, 0x24a50000)
  from space 512K,  99% used [0x24ad0000, 0x24b4fff8, 0x24b50000)
  to   space 512K,   0% used [0x24a50000, 0x24a50000, 0x24ad0000)
 tenured generation   total 10944K, used 5403K [0x29b50000, 0x2a600000, 0x34600000)
   the space 10944K,  49% used [0x29b50000, 0x2a096e98, 0x2a097000, 0x2a600000)
 compacting perm gen  total 12288K, used 7681K [0x34600000, 0x35200000, 0x38600000)
   the space 12288K,  62% used [0x34600000, 0x34d804b8, 0x34d80600, 0x35200000)
    ro space 10240K,  42% used [0x38600000, 0x38a37108, 0x38a37200, 0x39000000)
    rw space 12288K,  52% used [0x39000000, 0x39641738, 0x39641800, 0x39c00000)
}
Event: 3.583 GC heap before
{Heap before GC invocations=9 (full 0):
 def new generation   total 4928K, used 4927K [0x24600000, 0x24b50000, 0x29b50000)
  eden space 4416K, 100% used [0x24600000, 0x24a50000, 0x24a50000)
  from space 512K,  99% used [0x24ad0000, 0x24b4fff8, 0x24b50000)
  to   space 512K,   0% used [0x24a50000, 0x24a50000, 0x24ad0000)
 tenured generation   total 10944K, used 5403K [0x29b50000, 0x2a600000, 0x34600000)
   the space 10944K,  49% used [0x29b50000, 0x2a096e98, 0x2a097000, 0x2a600000)
 compacting perm gen  total 12288K, used 8246K [0x34600000, 0x35200000, 0x38600000)
   the space 12288K,  67% used [0x34600000, 0x34e0db98, 0x34e0dc00, 0x35200000)
    ro space 10240K,  42% used [0x38600000, 0x38a37108, 0x38a37200, 0x39000000)
    rw space 12288K,  52% used [0x39000000, 0x39641738, 0x39641800, 0x39c00000)
Event: 3.590 GC heap after
Heap after GC invocations=10 (full 0):
 def new generation   total 4928K, used 498K [0x24600000, 0x24b50000, 0x29b50000)
  eden space 4416K,   0% used [0x24600000, 0x24600000, 0x24a50000)
  from space 512K,  97% used [0x24a50000, 0x24accb80, 0x24ad0000)
  to   space 512K,   0% used [0x24ad0000, 0x24ad0000, 0x24b50000)
 tenured generation   total 10944K, used 5912K [0x29b50000, 0x2a600000, 0x34600000)
   the space 10944K,  54% used [0x29b50000, 0x2a1163f8, 0x2a116400, 0x2a600000)
 compacting perm gen  total 12288K, used 8246K [0x34600000, 0x35200000, 0x38600000)
   the space 12288K,  67% used [0x34600000, 0x34e0db98, 0x34e0dc00, 0x35200000)
    ro space 10240K,  42% used [0x38600000, 0x38a37108, 0x38a37200, 0x39000000)
    rw space 12288K,  52% used [0x39000000, 0x39641738, 0x39641800, 0x39c00000)
}

Deoptimization events (0 events):
No events

Internal exceptions (10 events):
Event: 3.747 Thread 0x04a4f400 Threw 0x2464f528 at C:\re\jdk7u80\2329\hotspot\src\share\vm\prims\jvm.cpp:1319
Event: 3.747 Thread 0x04a4f400 Threw 0x24651b80 at C:\re\jdk7u80\2329\hotspot\src\share\vm\prims\jvm.cpp:1319
Event: 3.748 Thread 0x04a4f400 Threw 0x24654220 at C:\re\jdk7u80\2329\hotspot\src\share\vm\prims\jvm.cpp:1319
Event: 3.850 Thread 0x04a4f400 Threw 0x2465b498 at C:\re\jdk7u80\2329\hotspot\src\share\vm\prims\jvm.cpp:1319
Event: 3.851 Thread 0x04a4f400 Threw 0x2465ee88 at C:\re\jdk7u80\2329\hotspot\src\share\vm\prims\jvm.cpp:1319
Event: 3.855 Thread 0x04a4f400 Threw 0x246752a8 at C:\re\jdk7u80\2329\hotspot\src\share\vm\prims\jvm.cpp:1319
Event: 3.857 Thread 0x04a4f400 Threw 0x2469d120 at C:\re\jdk7u80\2329\hotspot\src\share\vm\prims\jvm.cpp:1319
Event: 3.858 Thread 0x04a4f400 Threw 0x246a4000 at C:\re\jdk7u80\2329\hotspot\src\share\vm\prims\jvm.cpp:1319
Event: 3.867 Thread 0x04a4f400 Threw 0x246b7008 at C:\re\jdk7u80\2329\hotspot\src\share\vm\prims\jvm.cpp:1319
Event: 9.122 Thread 0x04a4f400 Threw 0x246d42a0 at C:\re\jdk7u80\2329\hotspot\src\share\vm\prims\jvm.cpp:1319

Events (10 events):
Event: 3.874 loading class 0x04b06498 done
Event: 4.221 Executing VM operation: EnableBiasedLocking
Event: 4.221 Executing VM operation: EnableBiasedLocking done
Event: 6.758 loading class 0x39c29a00
Event: 6.758 loading class 0x39c29998
Event: 6.758 loading class 0x39c29998 done
Event: 6.758 loading class 0x39c29a00 done
Event: 6.759 Thread 0x068ac800 Thread exited: 0x068ac800
Event: 9.122 loading class 0x068ad7a0
Event: 9.122 loading class 0x068ad7a0 done


Dynamic libraries:
0x00c00000 - 0x00c2f000 	C:\Program Files (x86)\Java\jre7\bin\javaw.exe
0x77600000 - 0x7777b000 	C:\WINDOWS\SYSTEM32\ntdll.dll
0x768c0000 - 0x769a0000 	C:\WINDOWS\SYSTEM32\KERNEL32.DLL
0x77410000 - 0x7758e000 	C:\WINDOWS\SYSTEM32\KERNELBASE.dll
0x77390000 - 0x7740b000 	C:\WINDOWS\SYSTEM32\ADVAPI32.dll
0x76150000 - 0x7620e000 	C:\WINDOWS\SYSTEM32\msvcrt.dll
0x77100000 - 0x77144000 	C:\WINDOWS\SYSTEM32\sechost.dll
0x77050000 - 0x770fd000 	C:\WINDOWS\SYSTEM32\RPCRT4.dll
0x74330000 - 0x7434e000 	C:\WINDOWS\SYSTEM32\SspiCli.dll
0x74320000 - 0x7432a000 	C:\WINDOWS\SYSTEM32\CRYPTBASE.dll
0x76fa0000 - 0x76ff8000 	C:\WINDOWS\SYSTEM32\bcryptPrimitives.dll
0x76000000 - 0x76147000 	C:\WINDOWS\SYSTEM32\USER32.dll
0x77210000 - 0x7735f000 	C:\WINDOWS\SYSTEM32\GDI32.dll
0x6b910000 - 0x6bb1f000 	C:\WINDOWS\WinSxS\x86_microsoft.windows.common-controls_6595b64144ccf1df_6.0.10586.0_none_d3c2e4e965da4528\COMCTL32.dll
0x76de0000 - 0x76f9d000 	C:\WINDOWS\SYSTEM32\combase.dll
0x77360000 - 0x7738b000 	C:\WINDOWS\SYSTEM32\IMM32.DLL
0x50450000 - 0x5050f000 	C:\Program Files (x86)\Java\jre7\bin\msvcr100.dll
0x77c70000 - 0x77ffb000 	C:\Program Files (x86)\Java\jre7\bin\client\jvm.dll
0x75ec0000 - 0x75ec6000 	C:\WINDOWS\SYSTEM32\PSAPI.DLL
0x73400000 - 0x73408000 	C:\WINDOWS\SYSTEM32\WSOCK32.dll
0x77590000 - 0x775ef000 	C:\WINDOWS\SYSTEM32\WS2_32.dll
0x73f00000 - 0x73f24000 	C:\WINDOWS\SYSTEM32\WINMM.dll
0x73ed0000 - 0x73ef3000 	C:\WINDOWS\SYSTEM32\WINMMBASE.dll
0x75ed0000 - 0x75f07000 	C:\WINDOWS\SYSTEM32\cfgmgr32.dll
0x65d90000 - 0x65d9c000 	C:\Program Files (x86)\Java\jre7\bin\verify.dll
0x62cc0000 - 0x62ce1000 	C:\Program Files (x86)\Java\jre7\bin\java.dll
0x63a00000 - 0x63a13000 	C:\Program Files (x86)\Java\jre7\bin\zip.dll
0x50390000 - 0x5044f000 	C:\Program Files (x86)\Java\jdk1.7.0_80\jre\bin\msvcr100.dll
0x65d30000 - 0x65d3d000 	C:\Program Files (x86)\Java\jdk1.7.0_80\jre\bin\prism-d3d.dll
0x63620000 - 0x637eb000 	C:\WINDOWS\system32\d3d9.dll
0x6c5b0000 - 0x6c5cd000 	C:\WINDOWS\SYSTEM32\dwmapi.dll
0x6be40000 - 0x6beb5000 	C:\WINDOWS\system32\uxtheme.dll
0x63120000 - 0x635e0000 	C:\WINDOWS\SYSTEM32\igdumd32.dll
0x629a0000 - 0x629c7000 	C:\Program Files (x86)\Java\jdk1.7.0_80\jre\bin\glass.dll
0x769a0000 - 0x76a92000 	C:\WINDOWS\SYSTEM32\COMDLG32.dll
0x76c90000 - 0x76d1d000 	C:\WINDOWS\SYSTEM32\shcore.dll
0x74900000 - 0x74945000 	C:\WINDOWS\SYSTEM32\SHLWAPI.dll
0x74ac0000 - 0x75ebe000 	C:\WINDOWS\SYSTEM32\SHELL32.dll
0x743e0000 - 0x748da000 	C:\WINDOWS\SYSTEM32\windows.storage.dll
0x76dc0000 - 0x76dcc000 	C:\WINDOWS\SYSTEM32\kernel.appcore.dll
0x74950000 - 0x74994000 	C:\WINDOWS\SYSTEM32\powrprof.dll
0x76dd0000 - 0x76ddf000 	C:\WINDOWS\SYSTEM32\profapi.dll
0x76aa0000 - 0x76afe000 	C:\WINDOWS\SYSTEM32\FirewallAPI.dll
0x76c70000 - 0x76c83000 	C:\WINDOWS\SYSTEM32\NETAPI32.dll
0x75f10000 - 0x75ffb000 	C:\WINDOWS\SYSTEM32\ole32.dll
0x76d20000 - 0x76db2000 	C:\WINDOWS\SYSTEM32\OLEAUT32.dll
0x6f430000 - 0x6f43b000 	C:\WINDOWS\SYSTEM32\DAVHLPR.DLL
0x6e3e0000 - 0x6e40d000 	C:\WINDOWS\SYSTEM32\fwbase.dll
0x749a0000 - 0x74abf000 	C:\WINDOWS\SYSTEM32\MSCTF.dll
0x62e50000 - 0x62e70000 	C:\Program Files (x86)\Java\jre7\bin\sunec.dll
0x658c0000 - 0x658c9000 	C:\Program Files (x86)\Java\jre7\bin\sunmscapi.dll
0x76270000 - 0x763e8000 	C:\WINDOWS\SYSTEM32\CRYPT32.dll
0x76490000 - 0x7649e000 	C:\WINDOWS\SYSTEM32\MSASN1.dll
0x6f380000 - 0x6f393000 	C:\WINDOWS\SYSTEM32\CRYPTSP.dll
0x6f350000 - 0x6f37f000 	C:\WINDOWS\system32\rsaenh.dll
0x71550000 - 0x7156b000 	C:\WINDOWS\SYSTEM32\bcrypt.dll
0x742e0000 - 0x742f9000 	C:\WINDOWS\SYSTEM32\USERENV.dll
0x62980000 - 0x62994000 	C:\Program Files (x86)\Java\jre7\bin\net.dll
0x6eaf0000 - 0x6eb3f000 	C:\WINDOWS\system32\mswsock.dll
0x74120000 - 0x7414f000 	C:\WINDOWS\SYSTEM32\IPHLPAPI.DLL
0x775f0000 - 0x775f7000 	C:\WINDOWS\SYSTEM32\NSI.dll
0x73b60000 - 0x73b73000 	C:\WINDOWS\SYSTEM32\dhcpcsvc6.DLL
0x73eb0000 - 0x73ec4000 	C:\WINDOWS\SYSTEM32\dhcpcsvc.DLL
0x640b0000 - 0x640bf000 	C:\Program Files (x86)\Java\jre7\bin\nio.dll
0x6e390000 - 0x6e3a2000 	C:\WINDOWS\system32\napinsp.dll
0x6e370000 - 0x6e386000 	C:\WINDOWS\system32\pnrpnsp.dll
0x6e350000 - 0x6e364000 	C:\WINDOWS\system32\NLAapi.dll
0x73d10000 - 0x73d94000 	C:\WINDOWS\SYSTEM32\DNSAPI.dll
0x6e340000 - 0x6e34b000 	C:\WINDOWS\System32\winrnr.dll
0x6e320000 - 0x6e331000 	C:\WINDOWS\System32\wshbth.dll
0x6e2f0000 - 0x6e311000 	C:\Program Files (x86)\Bonjour\mdnsNSP.dll
0x06b70000 - 0x06b78000 	C:\Program Files (x86)\National Instruments\Shared\mDNS Responder\nimdnsNSP.dll
0x06b90000 - 0x06b9b000 	C:\WINDOWS\SYSTEM32\nimdnsResponder.dll
0x73490000 - 0x73533000 	C:\WINDOWS\WinSxS\x86_microsoft.vc90.crt_1fc8b3b9a1e18e3b_9.0.30729.9177_none_5093cc7abcb795e9\MSVCR90.dll
0x6e0c0000 - 0x6e0c8000 	C:\Windows\System32\rasadhlp.dll
0x6e2a0000 - 0x6e2e7000 	C:\WINDOWS\System32\fwpuclnt.dll
0x74350000 - 0x743d4000 	C:\WINDOWS\SYSTEM32\clbcatq.dll
0x63de0000 - 0x63f53000 	C:\WINDOWS\SYSTEM32\WindowsCodecs.dll
0x62260000 - 0x622a1000 	C:\WINDOWS\system32\dataexchange.dll
0x61f90000 - 0x621aa000 	C:\WINDOWS\system32\d3d11.dll
0x621b0000 - 0x62257000 	C:\WINDOWS\system32\dcomp.dll
0x61f00000 - 0x61f83000 	C:\WINDOWS\system32\dxgi.dll
0x6c020000 - 0x6c0ed000 	C:\WINDOWS\system32\twinapi.appcore.dll
0x62950000 - 0x62975000 	C:\Program Files (x86)\Common Files\Microsoft Shared\Ink\rtscom.dll
0x62760000 - 0x6279d000 	C:\Program Files (x86)\Java\jdk1.7.0_80\jre\bin\javafx-font.dll
0x63cb0000 - 0x63ddd000 	C:\WINDOWS\SYSTEM32\sogoutsf.ime
0x74310000 - 0x74318000 	C:\WINDOWS\SYSTEM32\VERSION.dll
0x6d440000 - 0x6d446000 	C:\WINDOWS\SYSTEM32\MSIMG32.dll
0x6e3b0000 - 0x6e3d8000 	C:\WINDOWS\SYSTEM32\ntmarta.dll
0x10000000 - 0x10506000 	C:\WINDOWS\system32\SogouPy.ime
0x6ab00000 - 0x6ab54000 	C:\WINDOWS\SYSTEM32\OLEACC.dll
0x0a100000 - 0x0a1dd000 	C:\Program Files (x86)\SogouInput\7.9.0.7504\Resource.dll
0x6bc20000 - 0x6bdac000 	C:\Program Files (x86)\SogouInput\Components\PicFace\1.0.0.1403\PicFace.dll
0x62cb0000 - 0x62cbe000 	C:\Program Files (x86)\Java\jre7\bin\JdbcOdbc.dll
0x6a8e0000 - 0x6a979000 	C:\WINDOWS\SYSTEM32\ODBC32.dll
0x6a5b0000 - 0x6a5b8000 	C:\WINDOWS\SYSTEM32\DPAPI.dll
0x0cf60000 - 0x0e15b000 	C:\WINDOWS\system32\fqqb32.dll
0x0a650000 - 0x0a712000 	C:\WINDOWS\system32\KEYLIB32.dll
0x0a720000 - 0x0a845000 	C:\WINDOWS\system32\LIBEAY32.dll
0x70f00000 - 0x70f9b000 	C:\WINDOWS\WinSxS\x86_microsoft.vc80.crt_1fc8b3b9a1e18e3b_8.0.50727.9193_none_d09188224426efcd\MSVCR80.dll
0x735d0000 - 0x73629000 	C:\WINDOWS\SYSTEM32\mscoree.dll
0x73410000 - 0x73489000 	C:\Windows\Microsoft.NET\Framework\v4.0.30319\mscoreei.dll
0x6cae0000 - 0x6cb61000 	C:\WINDOWS\SYSTEM32\sxs.dll
0x70fa0000 - 0x71550000 	C:\Windows\Microsoft.NET\Framework\v2.0.50727\mscorwks.dll
0x6f580000 - 0x7007a000 	C:\WINDOWS\assembly\NativeImages_v2.0.50727_32\mscorlib\c4a3e0e914e73a68c0072e3064b48767\mscorlib.ni.dll
0x65fb0000 - 0x65fc3000 	C:\Windows\Microsoft.NET\Framework\v2.0.50727\mscorsec.dll
0x77000000 - 0x77042000 	C:\WINDOWS\SYSTEM32\WINTRUST.dll
0x748e0000 - 0x748fb000 	C:\WINDOWS\SYSTEM32\imagehlp.dll
0x6d4a0000 - 0x6d4bf000 	C:\WINDOWS\SYSTEM32\gpapi.dll
0x63a50000 - 0x63a75000 	C:\Windows\SYSTEM32\cryptnet.dll
0x6d930000 - 0x6d938000 	C:\WINDOWS\SYSTEM32\WINNSI.DLL
0x0ad10000 - 0x0ad1a000 	C:\WINDOWS\SYSTEM32\QODBCQBHelper.dll
0x6eb40000 - 0x6eb9b000 	C:\Windows\Microsoft.NET\Framework\v2.0.50727\mscorjit.dll
0x6eba0000 - 0x6f343000 	C:\WINDOWS\assembly\NativeImages_v2.0.50727_32\System\f35435e2397a97e6eb5537930ecd2ee0\System.ni.dll
0x5ae50000 - 0x5af54000 	C:\WINDOWS\assembly\NativeImages_v2.0.50727_32\System.Management\92bf5eabdbc73020ef7611634516d289\System.Management.ni.dll
0x6b480000 - 0x6b49c000 	C:\WINDOWS\system32\wbem\wmiutils.dll
0x6b320000 - 0x6b387000 	C:\WINDOWS\SYSTEM32\wbemcomn.dll
0x6be10000 - 0x6be1d000 	C:\WINDOWS\system32\wbem\wbemprox.dll
0x62750000 - 0x62759000 	C:\Windows\Microsoft.NET\Framework\v2.0.50727\wminet_utils.dll
0x6aca0000 - 0x6acb1000 	C:\WINDOWS\system32\wbem\wbemsvc.dll
0x6ab60000 - 0x6ac1f000 	C:\WINDOWS\system32\wbem\fastprox.dll
0x73e30000 - 0x73e3a000 	C:\WINDOWS\SYSTEM32\secur32.dll
0x66440000 - 0x66460000 	C:\WINDOWS\SYSTEM32\odbccp32.dll
0x63bd0000 - 0x63bd8000 	C:\WINDOWS\SYSTEM32\msiltcfg.dll
0x683d0000 - 0x68759000 	C:\WINDOWS\SYSTEM32\msi.dll
0x624e0000 - 0x624f6000 	C:\Windows\Microsoft.NET\Framework\v4.0.30319\fusion.dll
0x72d40000 - 0x733f1000 	C:\Windows\Microsoft.NET\Framework\v4.0.30319\clr.dll
0x72b00000 - 0x72bf5000 	C:\WINDOWS\SYSTEM32\MSVCR120_CLR0400.dll

VM Arguments:
jvm_args: -Dfile.encoding=GBK 
java_command: com.alltekusa.qbLink.Viewer.Console.GUI.Main
Launcher Type: SUN_STANDARD

Environment Variables:
PATH=C:/Program Files (x86)/Java/jre1.8.0_71/bin/client;C:/Program Files (x86)/Java/jre1.8.0_71/bin;C:/Program Files (x86)/Java/jre1.8.0_71/lib/i386;C:\Program Files (x86)\NVIDIA Corporation\PhysX\Common;C:\ProgramData\Oracle\Java\javapath;C:\Progra~2\Java\jdk1.7.0_80\bin;C:\WINDOWS\system32;C:\WINDOWS;C:\WINDOWS\System32\Wbem;C:\WINDOWS\System32\WindowsPowerShell\v1.0\;C:\Program Files (x86)\Common Files\Intuit\QBPOSSDKRuntime;C:\Program Files (x86)\Skype\Phone\;C:\Program Files (x86)\ATI Technologies\ATI.ACE\Core-Static;C:\Program Files\Microsoft SQL Server\Client SDK\ODBC\110\Tools\Binn\;C:\Program Files (x86)\Microsoft SQL Server\120\Tools\Binn\;C:\Program Files\Microsoft SQL Server\120\Tools\Binn\;C:\Program Files\Microsoft SQL Server\120\DTS\Binn\;C:\Program Files (x86)\Windows Kits\8.1\Windows Performance Toolkit\;C:\Users\b8456\Desktop\eclipse 7;
USERNAME=b8456
OS=Windows_NT
PROCESSOR_IDENTIFIER=Intel64 Family 6 Model 23 Stepping 10, GenuineIntel



---------------  S Y S T E M  ---------------

OS: Windows 8.1 , 64 bit Build 9600 

CPU:total 2 (2 cores per cpu, 1 threads per core) family 6 model 23 stepping 10, cmov, cx8, fxsr, mmx, sse, sse2, sse3, ssse3, sse4.1, tsc

Memory: 4k page, physical 5136408k(1073468k free), swap 11690008k(4097948k free)

vm_info: Java HotSpot(TM) Client VM (24.80-b11) for windows-x86 JRE (1.7.0_80-b15), built on Apr 10 2015 13:33:35 by "java_re" with unknown MS VC++:1600

time: Sat Mar 26 03:13:45 2016
elapsed time: 14 seconds

